Release 14.7 - ngc2edif P.20131013 (nt64)
Copyright (c) 1995-2013 Xilinx, Inc.  All rights reserved.
Reading design Top_module.ngc ...
WARNING:NetListWriters:298 - No output is written to Top_module.xncf, ignored.
Processing design ...
   Preping design's networks ...
   Preping design's macros ...
WARNING:NetListWriters:306 - Signal bus
   game_logic_componenent/scoring_system.count<31 : 0> on block Top_module is
   not reconstructed, because there are some missing bus signals.
WARNING:NetListWriters:306 - Signal bus
   game_logic_componenent/obst_generator/lfsr<31 : 0> on block Top_module is not
   reconstructed, because there are some missing bus signals.
WARNING:NetListWriters:306 - Signal bus Grapic/Madd_n18538_cy<8 : 2> on block
   Top_module is not reconstructed, because there are some missing bus signals.
WARNING:NetListWriters:306 - Signal bus Grapic/Madd_n18536_cy<8 : 2> on block
   Top_module is not reconstructed, because there are some missing bus signals.
WARNING:NetListWriters:306 - Signal bus Grapic/Madd_n18105_lut<8 : 5> on block
   Top_module is not reconstructed, because there are some missing bus signals.
WARNING:NetListWriters:306 - Signal bus Grapic/Madd_n18105_cy<4 : 1> on block
   Top_module is not reconstructed, because there are some missing bus signals.
WARNING:NetListWriters:306 - Signal bus Grapic/Madd_n18534_cy<10 : 6> on block
   Top_module is not reconstructed, because there are some missing bus signals.
WARNING:NetListWriters:306 - Signal bus Grapic/Madd_n18524_cy<10 : 5> on block
   Top_module is not reconstructed, because there are some missing bus signals.
WARNING:NetListWriters:306 - Signal bus Grapic/Madd_n15390_cy<8 : 5> on block
   Top_module is not reconstructed, because there are some missing bus signals.
WARNING:NetListWriters:306 - Signal bus
   Grapic/Msub_GND_43_o_GND_43_o_sub_726_OUT_cy<9 : 6> on block Top_module is
   not reconstructed, because there are some missing bus signals.
WARNING:NetListWriters:306 - Signal bus Grapic/Madd_n18556_cy<8 : 6> on block
   Top_module is not reconstructed, because there are some missing bus signals.
WARNING:NetListWriters:306 - Signal bus Grapic/Madd_n18554_cy<10 : 5> on block
   Top_module is not reconstructed, because there are some missing bus signals.
WARNING:NetListWriters:306 - Signal bus Grapic/Madd_n18548_cy<8 : 6> on block
   Top_module is not reconstructed, because there are some missing bus signals.
WARNING:NetListWriters:306 - Signal bus Grapic/Madd_n18532_cy<10 : 4> on block
   Top_module is not reconstructed, because there are some missing bus signals.
WARNING:NetListWriters:306 - Signal bus Grapic/Madd_n18552_cy<10 : 5> on block
   Top_module is not reconstructed, because there are some missing bus signals.
WARNING:NetListWriters:306 - Signal bus Grapic/Madd_n17554_cy<8 : 5> on block
   Top_module is not reconstructed, because there are some missing bus signals.
WARNING:NetListWriters:306 - Signal bus Grapic/Madd_n17538_cy<9 : 5> on block
   Top_module is not reconstructed, because there are some missing bus signals.
WARNING:NetListWriters:306 - Signal bus Grapic/Madd_n17522_cy<8 : 5> on block
   Top_module is not reconstructed, because there are some missing bus signals.
WARNING:NetListWriters:306 - Signal bus Grapic/Madd_n17506_cy<8 : 5> on block
   Top_module is not reconstructed, because there are some missing bus signals.
WARNING:NetListWriters:306 - Signal bus Grapic/Madd_n17490_cy<8 : 6> on block
   Top_module is not reconstructed, because there are some missing bus signals.
WARNING:NetListWriters:306 - Signal bus Grapic/Madd_n17458_cy<9 : 5> on block
   Top_module is not reconstructed, because there are some missing bus signals.
WARNING:NetListWriters:306 - Signal bus Grapic/Madd_n17426_cy<8 : 5> on block
   Top_module is not reconstructed, because there are some missing bus signals.
WARNING:NetListWriters:306 - Signal bus Grapic/Madd_n17394_cy<9 : 5> on block
   Top_module is not reconstructed, because there are some missing bus signals.
WARNING:NetListWriters:306 - Signal bus Grapic/Madd_n15160_cy<9 : 5> on block
   Top_module is not reconstructed, because there are some missing bus signals.
WARNING:NetListWriters:306 - Signal bus
   Grapic/Msub_GND_43_o_GND_43_o_sub_1109_OUT_cy<8 : 6> on block Top_module is
   not reconstructed, because there are some missing bus signals.
WARNING:NetListWriters:306 - Signal bus
   Grapic/Msub_GND_43_o_GND_43_o_sub_722_OUT_cy<9 : 6> on block Top_module is
   not reconstructed, because there are some missing bus signals.
WARNING:NetListWriters:306 - Signal bus Grapic/n18540<11 : 5> on block
   Top_module is not reconstructed, because there are some missing bus signals.
WARNING:NetListWriters:306 - Signal bus Grapic/n18538<11 : 6> on block
   Top_module is not reconstructed, because there are some missing bus signals.
WARNING:NetListWriters:306 - Signal bus Grapic/n18536<11 : 3> on block
   Top_module is not reconstructed, because there are some missing bus signals.
WARNING:NetListWriters:306 - Signal bus Grapic/n18534<8 : 2> on block Top_module
   is not reconstructed, because there are some missing bus signals.
WARNING:NetListWriters:306 - Signal bus Grapic/n18548<8 : 5> on block Top_module
   is not reconstructed, because there are some missing bus signals.
WARNING:NetListWriters:306 - Signal bus Grapic/n17554<8 : 5> on block Top_module
   is not reconstructed, because there are some missing bus signals.
WARNING:NetListWriters:306 - Signal bus Grapic/n17442<7 : 3> on block Top_module
   is not reconstructed, because there are some missing bus signals.
WARNING:NetListWriters:306 - Signal bus Grapic/n17426<6 : 4> on block Top_module
   is not reconstructed, because there are some missing bus signals.
WARNING:NetListWriters:306 - Signal bus Grapic/n15160<8 : 2> on block Top_module
   is not reconstructed, because there are some missing bus signals.
  finished :Prep
Writing EDIF netlist file Top_module.edif ...
ngc2edif: Total memory usage is 89144 kilobytes

